Success (8):
group 31 _e-0000e750-2e9d-8000-49ac-011e94011e94_104 "DO All Users"
group 32 _e-0000e750-2e9d-8000-49ac-011e94011e94_106 "DO App Adminstrator"
content 3382 _a-0000e750-2e9d-8000-49b0-01ef9001ef90_19753 "DO Rules And Constants"
content 3597 _a-0000e750-2e9d-8000-49b0-01ef9001ef90_19769 "DO_TEST_CONSTANT"
content 3385 _a-0000e750-2e9d-8000-49b0-01ef9001ef90_19776 "DO Knowledge Center"
processModelFolder 4 _g-0000e750-2e9d-8000-4c0a-014d98014d98_12 "DO Process Model"
processModel 481 0002e750-5091-8000-4c0b-014d98014d98 "DO Test PM"
application 3381 _a-0000e750-2e9d-8000-49b0-01ef9001ef90_19745 "DevOPS"

Trace:
2021-12-06 10:50:47.716 DEBUG application 3381 _a-0000e750-2e9d-8000-49b0-01ef9001ef90_19745 Begin transport.
2021-12-06 10:50:47.716 DEBUG application 3381 _a-0000e750-2e9d-8000-49b0-01ef9001ef90_19745 Retrieving object data.
2021-12-06 10:50:47.721 DEBUG application 3381 _a-0000e750-2e9d-8000-49b0-01ef9001ef90_19745 App associated objects: [group=[_e-0000e750-2e9d-8000-49ac-011e94011e94_104, _e-0000e750-2e9d-8000-49ac-011e94011e94_106],content=[_a-0000e750-2e9d-8000-49b0-01ef9001ef90_19753, _a-0000e750-2e9d-8000-49b0-01ef9001ef90_19769, _a-0000e750-2e9d-8000-49b0-01ef9001ef90_19776],processModelFolder=[_g-0000e750-2e9d-8000-4c0a-014d98014d98_12],processModel=[0002e750-5091-8000-4c0b-014d98014d98]]
2021-12-06 10:50:47.729 DEBUG application 3381 _a-0000e750-2e9d-8000-49b0-01ef9001ef90_19745 Invalid associated objects: []
2021-12-06 10:50:47.729 DEBUG application 3381 _a-0000e750-2e9d-8000-49b0-01ef9001ef90_19745 Adding valid associated objects to be exported: GlobalBindingMap[group={_e-0000e750-2e9d-8000-49ac-011e94011e94_104=31, _e-0000e750-2e9d-8000-49ac-011e94011e94_106=32},content={_a-0000e750-2e9d-8000-49b0-01ef9001ef90_19753=3382, _a-0000e750-2e9d-8000-49b0-01ef9001ef90_19769=3597, _a-0000e750-2e9d-8000-49b0-01ef9001ef90_19776=3385},processModelFolder={_g-0000e750-2e9d-8000-4c0a-014d98014d98_12=4},processModel={0002e750-5091-8000-4c0b-014d98014d98=481}]
2021-12-06 10:50:47.729 DEBUG application 3381 _a-0000e750-2e9d-8000-49b0-01ef9001ef90_19745 Setting uuids of object references.
2021-12-06 10:50:47.73 DEBUG application 3381 _a-0000e750-2e9d-8000-49b0-01ef9001ef90_19745 Processing reference: Application.forum
2021-12-06 10:50:47.732 DEBUG application 3381 _a-0000e750-2e9d-8000-49b0-01ef9001ef90_19745 Processing reference: Application.parent
2021-12-06 10:50:47.736 DEBUG application 3381 _a-0000e750-2e9d-8000-49b0-01ef9001ef90_19745 Processing reference: com.appiancorp.suiteapi.content.ContentRoleMap@4e1b0cda[
  ContentRole[name=readers,groupIds=[31],inherit=false,allowForAll=false]
  ContentRole[name=authors,inherit=false,allowForAll=false]
  ContentRole[name=administrators,groupIds=[32],inherit=false,allowForAll=false]
  ContentRole[name=denyReaders,inherit=false,allowForAll=false]
  ContentRole[name=denyAuthors,inherit=false,allowForAll=false]
  ContentRole[name=denyAdministrators,inherit=false,allowForAll=false]
  securityVector=1:SEC_PUBLIC=true,SEC_CREATOR_ADMIN=false,SEC_INH_ADMIN=false,SEC_INH_EDITOR=false,SEC_INH_VIEWER=false,SEC_ALL_ADMIN=false,SEC_ALL_EDITOR=false,SEC_ALL_VIEWER=false
]
2021-12-06 10:50:47.736 DEBUG application 3381 _a-0000e750-2e9d-8000-49b0-01ef9001ef90_19745 Processing reference: ContentRole[name=readers,groupIds=[31],inherit=false,allowForAll=false]
2021-12-06 10:50:47.738 DEBUG group 31 _e-0000e750-2e9d-8000-49ac-011e94011e94_104 Begin transport.
2021-12-06 10:50:47.738 DEBUG group 31 _e-0000e750-2e9d-8000-49ac-011e94011e94_104 Retrieving object data.
2021-12-06 10:50:47.745 DEBUG group 31 _e-0000e750-2e9d-8000-49ac-011e94011e94_104 Setting uuids of object references.
2021-12-06 10:50:47.745 DEBUG group 31 _e-0000e750-2e9d-8000-49ac-011e94011e94_104 Processing reference: Role[name=<null>]
2021-12-06 10:50:47.746 DEBUG group 31 _e-0000e750-2e9d-8000-49ac-011e94011e94_104 Processing reference: Group.groupTypeId
2021-12-06 10:50:47.749 DEBUG group 31 _e-0000e750-2e9d-8000-49ac-011e94011e94_104 Processing reference: Group.parentId
2021-12-06 10:50:47.749 DEBUG group 31 _e-0000e750-2e9d-8000-49ac-011e94011e94_104 Processing reference: Group.homePageId
2021-12-06 10:50:47.749 DEBUG group 31 _e-0000e750-2e9d-8000-49ac-011e94011e94_104 Processing reference: Role[name=<null>]
2021-12-06 10:50:47.75 DEBUG group 31 _e-0000e750-2e9d-8000-49ac-011e94011e94_104 Completing produce.
2021-12-06 10:50:47.75 DEBUG group 31 _e-0000e750-2e9d-8000-49ac-011e94011e94_104 Exporting binary resources.
2021-12-06 10:50:47.75 DEBUG group 31 _e-0000e750-2e9d-8000-49ac-011e94011e94_104 Serializing object to XML.
2021-12-06 10:50:47.75 DEBUG group 31 _e-0000e750-2e9d-8000-49ac-011e94011e94_104 Object transported.
2021-12-06 10:50:47.75 DEBUG application 3381 _a-0000e750-2e9d-8000-49b0-01ef9001ef90_19745 Processing reference: ContentRole[name=authors,inherit=false,allowForAll=false]
2021-12-06 10:50:47.75 DEBUG application 3381 _a-0000e750-2e9d-8000-49b0-01ef9001ef90_19745 Processing reference: ContentRole[name=administrators,groupIds=[32],inherit=false,allowForAll=false]
2021-12-06 10:50:47.752 DEBUG group 32 _e-0000e750-2e9d-8000-49ac-011e94011e94_106 Begin transport.
2021-12-06 10:50:47.752 DEBUG group 32 _e-0000e750-2e9d-8000-49ac-011e94011e94_106 Retrieving object data.
2021-12-06 10:50:47.758 DEBUG group 32 _e-0000e750-2e9d-8000-49ac-011e94011e94_106 Setting uuids of object references.
2021-12-06 10:50:47.758 DEBUG group 32 _e-0000e750-2e9d-8000-49ac-011e94011e94_106 Processing reference: Role[name=<null>]
2021-12-06 10:50:47.758 DEBUG group 32 _e-0000e750-2e9d-8000-49ac-011e94011e94_106 Processing reference: Group.groupTypeId
2021-12-06 10:50:47.76 DEBUG group 32 _e-0000e750-2e9d-8000-49ac-011e94011e94_106 Processing reference: Group.parentId
2021-12-06 10:50:47.76 DEBUG group 32 _e-0000e750-2e9d-8000-49ac-011e94011e94_106 Processing reference: Group.homePageId
2021-12-06 10:50:47.761 DEBUG group 32 _e-0000e750-2e9d-8000-49ac-011e94011e94_106 Processing reference: Role[name=<null>]
2021-12-06 10:50:47.761 DEBUG group 32 _e-0000e750-2e9d-8000-49ac-011e94011e94_106 Completing produce.
2021-12-06 10:50:47.761 DEBUG group 32 _e-0000e750-2e9d-8000-49ac-011e94011e94_106 Exporting binary resources.
2021-12-06 10:50:47.761 DEBUG group 32 _e-0000e750-2e9d-8000-49ac-011e94011e94_106 Serializing object to XML.
2021-12-06 10:50:47.762 DEBUG group 32 _e-0000e750-2e9d-8000-49ac-011e94011e94_106 Object transported.
2021-12-06 10:50:47.762 DEBUG application 3381 _a-0000e750-2e9d-8000-49b0-01ef9001ef90_19745 Processing reference: ContentRole[name=denyReaders,inherit=false,allowForAll=false]
2021-12-06 10:50:47.762 DEBUG application 3381 _a-0000e750-2e9d-8000-49b0-01ef9001ef90_19745 Processing reference: ContentRole[name=denyAuthors,inherit=false,allowForAll=false]
2021-12-06 10:50:47.762 DEBUG application 3381 _a-0000e750-2e9d-8000-49b0-01ef9001ef90_19745 Processing reference: ContentRole[name=denyAdministrators,inherit=false,allowForAll=false]
2021-12-06 10:50:47.767 DEBUG content 3382 _a-0000e750-2e9d-8000-49b0-01ef9001ef90_19753 Begin transport.
2021-12-06 10:50:47.767 DEBUG content 3382 _a-0000e750-2e9d-8000-49b0-01ef9001ef90_19753 Retrieving object data.
2021-12-06 10:50:47.774 DEBUG content 3382 _a-0000e750-2e9d-8000-49b0-01ef9001ef90_19753 Setting uuids of object references.
2021-12-06 10:50:47.775 DEBUG content 3382 _a-0000e750-2e9d-8000-49b0-01ef9001ef90_19753 Processing reference: RulesFolder.forum
2021-12-06 10:50:47.776 DEBUG content 3382 _a-0000e750-2e9d-8000-49b0-01ef9001ef90_19753 Processing reference: RulesFolder.parent
2021-12-06 10:50:47.779 DEBUG content 3382 _a-0000e750-2e9d-8000-49b0-01ef9001ef90_19753 Processing reference: com.appiancorp.suiteapi.content.ContentRoleMap@6b93d03b[
  ContentRole[name=readers,groupIds=[31],inherit=false,allowForAll=false]
  ContentRole[name=authors,inherit=false,allowForAll=false]
  ContentRole[name=administrators,groupIds=[32],inherit=false,allowForAll=false]
  ContentRole[name=denyReaders,inherit=false,allowForAll=false]
  ContentRole[name=denyAuthors,inherit=false,allowForAll=false]
  ContentRole[name=denyAdministrators,inherit=false,allowForAll=false]
  securityVector=1:SEC_PUBLIC=true,SEC_CREATOR_ADMIN=false,SEC_INH_ADMIN=false,SEC_INH_EDITOR=false,SEC_INH_VIEWER=false,SEC_ALL_ADMIN=false,SEC_ALL_EDITOR=false,SEC_ALL_VIEWER=false
]
2021-12-06 10:50:47.779 DEBUG content 3382 _a-0000e750-2e9d-8000-49b0-01ef9001ef90_19753 Processing reference: ContentRole[name=readers,groupIds=[31],inherit=false,allowForAll=false]
2021-12-06 10:50:47.781 DEBUG content 3382 _a-0000e750-2e9d-8000-49b0-01ef9001ef90_19753 Processing reference: ContentRole[name=authors,inherit=false,allowForAll=false]
2021-12-06 10:50:47.781 DEBUG content 3382 _a-0000e750-2e9d-8000-49b0-01ef9001ef90_19753 Processing reference: ContentRole[name=administrators,groupIds=[32],inherit=false,allowForAll=false]
2021-12-06 10:50:47.782 DEBUG content 3382 _a-0000e750-2e9d-8000-49b0-01ef9001ef90_19753 Processing reference: ContentRole[name=denyReaders,inherit=false,allowForAll=false]
2021-12-06 10:50:47.782 DEBUG content 3382 _a-0000e750-2e9d-8000-49b0-01ef9001ef90_19753 Processing reference: ContentRole[name=denyAuthors,inherit=false,allowForAll=false]
2021-12-06 10:50:47.782 DEBUG content 3382 _a-0000e750-2e9d-8000-49b0-01ef9001ef90_19753 Processing reference: ContentRole[name=denyAdministrators,inherit=false,allowForAll=false]
2021-12-06 10:50:47.783 DEBUG content 3382 _a-0000e750-2e9d-8000-49b0-01ef9001ef90_19753 Completing produce.
2021-12-06 10:50:47.783 DEBUG content 3382 _a-0000e750-2e9d-8000-49b0-01ef9001ef90_19753 Exporting binary resources.
2021-12-06 10:50:47.783 DEBUG content 3382 _a-0000e750-2e9d-8000-49b0-01ef9001ef90_19753 Serializing object to XML.
2021-12-06 10:50:47.784 DEBUG content 3382 _a-0000e750-2e9d-8000-49b0-01ef9001ef90_19753 Object transported.
2021-12-06 10:50:47.784 DEBUG content 3597 _a-0000e750-2e9d-8000-49b0-01ef9001ef90_19769 Begin transport.
2021-12-06 10:50:47.784 DEBUG content 3597 _a-0000e750-2e9d-8000-49b0-01ef9001ef90_19769 Retrieving object data.
2021-12-06 10:50:47.791 DEBUG content 3597 _a-0000e750-2e9d-8000-49b0-01ef9001ef90_19769 Setting uuids of object references.
2021-12-06 10:50:47.791 DEBUG content 3597 _a-0000e750-2e9d-8000-49b0-01ef9001ef90_19769 Processing reference: [Content:id=3384,versionId=-1,name=DO_TEST_CONSTANT,type=32,subtype=0,uuid=_a-0000e750-2e9d-8000-49b0-01ef9001ef90_19769,parent=3382]
2021-12-06 10:50:47.791 DEBUG content 3597 _a-0000e750-2e9d-8000-49b0-01ef9001ef90_19769 Processing reference: Constant.forum
2021-12-06 10:50:47.792 DEBUG content 3597 _a-0000e750-2e9d-8000-49b0-01ef9001ef90_19769 Processing reference: Constant.parent
2021-12-06 10:50:47.796 DEBUG content 3597 _a-0000e750-2e9d-8000-49b0-01ef9001ef90_19769 Processing reference: com.appiancorp.suiteapi.content.ContentRoleMap@d89c16d[
  ContentRole[name=readers,inherit=true,allowForAll=false]
  ContentRole[name=authors,inherit=true,allowForAll=false]
  ContentRole[name=administrators,inherit=true,allowForAll=false]
  ContentRole[name=denyReaders,inherit=false,allowForAll=false]
  ContentRole[name=denyAuthors,inherit=false,allowForAll=false]
  ContentRole[name=denyAdministrators,inherit=false,allowForAll=false]
  securityVector=15:SEC_PUBLIC=true,SEC_CREATOR_ADMIN=false,SEC_INH_ADMIN=true,SEC_INH_EDITOR=true,SEC_INH_VIEWER=true,SEC_ALL_ADMIN=false,SEC_ALL_EDITOR=false,SEC_ALL_VIEWER=false
]
2021-12-06 10:50:47.796 DEBUG content 3597 _a-0000e750-2e9d-8000-49b0-01ef9001ef90_19769 Processing reference: ContentRole[name=readers,inherit=true,allowForAll=false]
2021-12-06 10:50:47.796 DEBUG content 3597 _a-0000e750-2e9d-8000-49b0-01ef9001ef90_19769 Processing reference: ContentRole[name=authors,inherit=true,allowForAll=false]
2021-12-06 10:50:47.796 DEBUG content 3597 _a-0000e750-2e9d-8000-49b0-01ef9001ef90_19769 Processing reference: ContentRole[name=administrators,inherit=true,allowForAll=false]
2021-12-06 10:50:47.796 DEBUG content 3597 _a-0000e750-2e9d-8000-49b0-01ef9001ef90_19769 Processing reference: ContentRole[name=denyReaders,inherit=false,allowForAll=false]
2021-12-06 10:50:47.796 DEBUG content 3597 _a-0000e750-2e9d-8000-49b0-01ef9001ef90_19769 Processing reference: ContentRole[name=denyAuthors,inherit=false,allowForAll=false]
2021-12-06 10:50:47.796 DEBUG content 3597 _a-0000e750-2e9d-8000-49b0-01ef9001ef90_19769 Processing reference: ContentRole[name=denyAdministrators,inherit=false,allowForAll=false]
2021-12-06 10:50:47.796 DEBUG content 3597 _a-0000e750-2e9d-8000-49b0-01ef9001ef90_19769 Completing produce.
2021-12-06 10:50:47.796 DEBUG content 3597 _a-0000e750-2e9d-8000-49b0-01ef9001ef90_19769 Exporting binary resources.
2021-12-06 10:50:47.796 DEBUG content 3597 _a-0000e750-2e9d-8000-49b0-01ef9001ef90_19769 Serializing object to XML.
2021-12-06 10:50:47.838 DEBUG content 3597 _a-0000e750-2e9d-8000-49b0-01ef9001ef90_19769 Object transported.
2021-12-06 10:50:47.838 DEBUG content 3385 _a-0000e750-2e9d-8000-49b0-01ef9001ef90_19776 Begin transport.
2021-12-06 10:50:47.838 DEBUG content 3385 _a-0000e750-2e9d-8000-49b0-01ef9001ef90_19776 Retrieving object data.
2021-12-06 10:50:47.846 DEBUG content 3385 _a-0000e750-2e9d-8000-49b0-01ef9001ef90_19776 Setting uuids of object references.
2021-12-06 10:50:47.847 DEBUG content 3385 _a-0000e750-2e9d-8000-49b0-01ef9001ef90_19776 Processing reference: CommunityKnowledgeCenter.forum
2021-12-06 10:50:47.847 DEBUG content 3385 _a-0000e750-2e9d-8000-49b0-01ef9001ef90_19776 Processing reference: CommunityKnowledgeCenter.parent
2021-12-06 10:50:47.849 DEBUG content 3385 _a-0000e750-2e9d-8000-49b0-01ef9001ef90_19776 Processing reference: com.appiancorp.suiteapi.content.ContentRoleMap@3e382a86[
  ContentRole[name=readers,groupIds=[31],inherit=false,allowForAll=false]
  ContentRole[name=authors,inherit=false,allowForAll=false]
  ContentRole[name=administrators,groupIds=[32],inherit=true,allowForAll=false]
  ContentRole[name=denyReaders,inherit=false,allowForAll=false]
  ContentRole[name=denyAuthors,inherit=false,allowForAll=false]
  ContentRole[name=denyAdministrators,inherit=false,allowForAll=false]
  securityVector=9:SEC_PUBLIC=true,SEC_CREATOR_ADMIN=false,SEC_INH_ADMIN=true,SEC_INH_EDITOR=false,SEC_INH_VIEWER=false,SEC_ALL_ADMIN=false,SEC_ALL_EDITOR=false,SEC_ALL_VIEWER=false
]
2021-12-06 10:50:47.849 DEBUG content 3385 _a-0000e750-2e9d-8000-49b0-01ef9001ef90_19776 Processing reference: ContentRole[name=readers,groupIds=[31],inherit=false,allowForAll=false]
2021-12-06 10:50:47.851 DEBUG content 3385 _a-0000e750-2e9d-8000-49b0-01ef9001ef90_19776 Processing reference: ContentRole[name=authors,inherit=false,allowForAll=false]
2021-12-06 10:50:47.852 DEBUG content 3385 _a-0000e750-2e9d-8000-49b0-01ef9001ef90_19776 Processing reference: ContentRole[name=administrators,groupIds=[32],inherit=true,allowForAll=false]
2021-12-06 10:50:47.853 DEBUG content 3385 _a-0000e750-2e9d-8000-49b0-01ef9001ef90_19776 Processing reference: ContentRole[name=denyReaders,inherit=false,allowForAll=false]
2021-12-06 10:50:47.854 DEBUG content 3385 _a-0000e750-2e9d-8000-49b0-01ef9001ef90_19776 Processing reference: ContentRole[name=denyAuthors,inherit=false,allowForAll=false]
2021-12-06 10:50:47.854 DEBUG content 3385 _a-0000e750-2e9d-8000-49b0-01ef9001ef90_19776 Processing reference: ContentRole[name=denyAdministrators,inherit=false,allowForAll=false]
2021-12-06 10:50:47.854 DEBUG content 3385 _a-0000e750-2e9d-8000-49b0-01ef9001ef90_19776 Completing produce.
2021-12-06 10:50:47.854 DEBUG content 3385 _a-0000e750-2e9d-8000-49b0-01ef9001ef90_19776 Exporting binary resources.
2021-12-06 10:50:47.854 DEBUG content 3385 _a-0000e750-2e9d-8000-49b0-01ef9001ef90_19776 Serializing object to XML.
2021-12-06 10:50:47.854 DEBUG content 3385 _a-0000e750-2e9d-8000-49b0-01ef9001ef90_19776 Object transported.
2021-12-06 10:50:47.856 DEBUG processModelFolder 4 _g-0000e750-2e9d-8000-4c0a-014d98014d98_12 Begin transport.
2021-12-06 10:50:47.856 DEBUG processModelFolder 4 _g-0000e750-2e9d-8000-4c0a-014d98014d98_12 Retrieving object data.
2021-12-06 10:50:47.859 DEBUG processModelFolder 4 _g-0000e750-2e9d-8000-4c0a-014d98014d98_12 Setting uuids of object references.
2021-12-06 10:50:47.859 DEBUG processModelFolder 4 _g-0000e750-2e9d-8000-4c0a-014d98014d98_12 Processing reference: ProcessModelFolder.parentFolderId
2021-12-06 10:50:47.86 DEBUG processModelFolder 4 _g-0000e750-2e9d-8000-4c0a-014d98014d98_12 Processing reference: com.appiancorp.suiteapi.process.ProcessRoleMap@2a2ef586[
  Role[name=ADMIN_OWNER,groupIds=[32]]
  Role[name=EDITOR]
  Role[name=EXPLICIT_NONMEMBER]
  Role[name=VIEWER,groupIds=[31]]
  Role[name=MANAGER]
  Role[name=INITIATOR]
]
2021-12-06 10:50:47.86 DEBUG processModelFolder 4 _g-0000e750-2e9d-8000-4c0a-014d98014d98_12 Processing reference: Role[name=ADMIN_OWNER,groupIds=[32]]
2021-12-06 10:50:47.862 DEBUG processModelFolder 4 _g-0000e750-2e9d-8000-4c0a-014d98014d98_12 Processing reference: Role[name=EDITOR]
2021-12-06 10:50:47.862 DEBUG processModelFolder 4 _g-0000e750-2e9d-8000-4c0a-014d98014d98_12 Processing reference: Role[name=EXPLICIT_NONMEMBER]
2021-12-06 10:50:47.862 DEBUG processModelFolder 4 _g-0000e750-2e9d-8000-4c0a-014d98014d98_12 Processing reference: Role[name=VIEWER,groupIds=[31]]
2021-12-06 10:50:47.864 DEBUG processModelFolder 4 _g-0000e750-2e9d-8000-4c0a-014d98014d98_12 Processing reference: Role[name=MANAGER]
2021-12-06 10:50:47.864 DEBUG processModelFolder 4 _g-0000e750-2e9d-8000-4c0a-014d98014d98_12 Processing reference: Role[name=INITIATOR]
2021-12-06 10:50:47.865 DEBUG processModelFolder 4 _g-0000e750-2e9d-8000-4c0a-014d98014d98_12 Completing produce.
2021-12-06 10:50:47.865 DEBUG processModelFolder 4 _g-0000e750-2e9d-8000-4c0a-014d98014d98_12 Exporting binary resources.
2021-12-06 10:50:47.865 DEBUG processModelFolder 4 _g-0000e750-2e9d-8000-4c0a-014d98014d98_12 Serializing object to XML.
2021-12-06 10:50:47.865 DEBUG processModelFolder 4 _g-0000e750-2e9d-8000-4c0a-014d98014d98_12 Object transported.
2021-12-06 10:50:47.867 DEBUG processModel 481 0002e750-5091-8000-4c0b-014d98014d98 Begin transport.
2021-12-06 10:50:47.867 DEBUG processModel 481 0002e750-5091-8000-4c0b-014d98014d98 Retrieving object data.
2021-12-06 10:50:47.938 DEBUG processModel 481 0002e750-5091-8000-4c0b-014d98014d98 Setting uuids of object references.
2021-12-06 10:50:47.939 DEBUG processModel 481 0002e750-5091-8000-4c0b-014d98014d98 Processing reference: ProcessModelHaul.folderId
2021-12-06 10:50:47.943 DEBUG processModel 481 0002e750-5091-8000-4c0b-014d98014d98 Processing reference: ProcessModelHaul.modelDashboardPageId
2021-12-06 10:50:47.943 DEBUG processModel 481 0002e750-5091-8000-4c0b-014d98014d98 Processing reference: ProcessModelHaul.processDashboardPageId
2021-12-06 10:50:47.943 DEBUG processModel 481 0002e750-5091-8000-4c0b-014d98014d98 Processing reference: ProcessModel.emailAttachmentFolderId
2021-12-06 10:50:47.948 DEBUG processModel 481 0002e750-5091-8000-4c0b-014d98014d98 Processing reference: ActivityClass.localId
2021-12-06 10:50:47.949 DEBUG processModel 481 0002e750-5091-8000-4c0b-014d98014d98 Processing reference: ActivityClass.localId
2021-12-06 10:50:47.949 DEBUG processModel 481 0002e750-5091-8000-4c0b-014d98014d98 Processing reference: ActivityClassParameter[name=pmID,it=23,v=<null>]
2021-12-06 10:50:47.95 DEBUG processModel 481 0002e750-5091-8000-4c0b-014d98014d98 Processing reference: ActivityClassParameter[name=inMap,it=111,v={}]
2021-12-06 10:50:47.95 DEBUG processModel 481 0002e750-5091-8000-4c0b-014d98014d98 Processing reference: ActivityClassParameter[name=procInheritsPriority,it=1,v=1]
2021-12-06 10:50:47.95 DEBUG processModel 481 0002e750-5091-8000-4c0b-014d98014d98 Processing reference: ActivityClassParameter[name=pmUUID,it=3,v=]
2021-12-06 10:50:47.95 DEBUG processModel 481 0002e750-5091-8000-4c0b-014d98014d98 Processing reference: ActivityClassParameter[name=isAsynchronous,it=26,v=1]
2021-12-06 10:50:47.95 DEBUG processModel 481 0002e750-5091-8000-4c0b-014d98014d98 Processing reference: ActivityClassParameter[name=isTransparent,it=26,v=1]
2021-12-06 10:50:47.951 DEBUG processModel 481 0002e750-5091-8000-4c0b-014d98014d98 Processing reference: ActivityClassParameter[name=inheritSecurity,it=26,v=0]
2021-12-06 10:50:47.951 DEBUG processModel 481 0002e750-5091-8000-4c0b-014d98014d98 Processing reference: com.appiancorp.suiteapi.process.ProcessRoleMap@2fbe62d7[
  Role[name=ADMIN_OWNER,groupIds=[32]]
  Role[name=EDITOR]
  Role[name=EXPLICIT_NONMEMBER]
  Role[name=VIEWER,groupIds=[31]]
  Role[name=MANAGER]
  Role[name=INITIATOR]
]
2021-12-06 10:50:47.951 DEBUG processModel 481 0002e750-5091-8000-4c0b-014d98014d98 Processing reference: Role[name=ADMIN_OWNER,groupIds=[32]]
2021-12-06 10:50:47.956 DEBUG processModel 481 0002e750-5091-8000-4c0b-014d98014d98 Processing reference: Role[name=EDITOR]
2021-12-06 10:50:47.956 DEBUG processModel 481 0002e750-5091-8000-4c0b-014d98014d98 Processing reference: Role[name=EXPLICIT_NONMEMBER]
2021-12-06 10:50:47.956 DEBUG processModel 481 0002e750-5091-8000-4c0b-014d98014d98 Processing reference: Role[name=VIEWER,groupIds=[31]]
2021-12-06 10:50:47.96 DEBUG processModel 481 0002e750-5091-8000-4c0b-014d98014d98 Processing reference: Role[name=MANAGER]
2021-12-06 10:50:47.96 DEBUG processModel 481 0002e750-5091-8000-4c0b-014d98014d98 Processing reference: Role[name=INITIATOR]
2021-12-06 10:50:47.961 DEBUG processModel 481 0002e750-5091-8000-4c0b-014d98014d98 Completing produce.
2021-12-06 10:50:47.961 DEBUG processModel 481 0002e750-5091-8000-4c0b-014d98014d98 Exporting binary resources.
2021-12-06 10:50:47.961 DEBUG processModel 481 0002e750-5091-8000-4c0b-014d98014d98 Serializing object to XML.
2021-12-06 10:50:47.973 DEBUG processModel 481 0002e750-5091-8000-4c0b-014d98014d98 Object transported.
2021-12-06 10:50:47.973 DEBUG application 3381 _a-0000e750-2e9d-8000-49b0-01ef9001ef90_19745 Completing produce.
2021-12-06 10:50:47.973 DEBUG application 3381 _a-0000e750-2e9d-8000-49b0-01ef9001ef90_19745 Exporting binary resources.
2021-12-06 10:50:47.973 DEBUG application 3381 _a-0000e750-2e9d-8000-49b0-01ef9001ef90_19745 Serializing object to XML.
2021-12-06 10:50:47.978 DEBUG application 3381 _a-0000e750-2e9d-8000-49b0-01ef9001ef90_19745 Object transported.
